Determining if the pthread_create exist failed with the following output:
Change Dir: /home/nakkeslengprosjekt/asdf/CMakeFiles/CMakeTmp

Run Build Command:"/usr/bin/make" "cmTC_80e64/fast"
/usr/bin/make -f CMakeFiles/cmTC_80e64.dir/build.make CMakeFiles/cmTC_80e64.dir/build
make[1]: Entering directory '/home/nakkeslengprosjekt/asdf/CMakeFiles/CMakeTmp'
Building C object CMakeFiles/cmTC_80e64.dir/CheckSymbolExists.c.o
/usr/bin/cc    -o CMakeFiles/cmTC_80e64.dir/CheckSymbolExists.c.o   -c /home/nakkeslengprosjekt/asdf/CMakeFiles/CMakeTmp/CheckSymbolExists.c
Linking C executable cmTC_80e64
/usr/bin/cmake -E cmake_link_script CMakeFiles/cmTC_80e64.dir/link.txt --verbose=1
/usr/bin/cc      CMakeFiles/cmTC_80e64.dir/CheckSymbolExists.c.o  -o cmTC_80e64 
CMakeFiles/cmTC_80e64.dir/CheckSymbolExists.c.o: In function `main':
CheckSymbolExists.c:(.text+0x1b): undefined reference to `pthread_create'
collect2: error: ld returned 1 exit status
CMakeFiles/cmTC_80e64.dir/build.make:97: recipe for target 'cmTC_80e64' failed
make[1]: *** [cmTC_80e64] Error 1
make[1]: Leaving directory '/home/nakkeslengprosjekt/asdf/CMakeFiles/CMakeTmp'
Makefile:126: recipe for target 'cmTC_80e64/fast' failed
make: *** [cmTC_80e64/fast] Error 2

File /home/nakkeslengprosjekt/asdf/CMakeFiles/CMakeTmp/CheckSymbolExists.c:
/* */
#include <pthread.h>

int main(int argc, char** argv)
{
  (void)argv;
#ifndef pthread_create
  return ((int*)(&pthread_create))[argc];
#else
  (void)argc;
  return 0;
#endif
}

Determining if the pthread_create exist failed with the following output:
Change Dir: /home/nakkeslengprosjekt/asdf/CMakeFiles/CMakeTmp

Run Build Command:"/usr/bin/make" "cmTC_20792/fast"
/usr/bin/make -f CMakeFiles/cmTC_20792.dir/build.make CMakeFiles/cmTC_20792.dir/build
make[1]: Entering directory '/home/nakkeslengprosjekt/asdf/CMakeFiles/CMakeTmp'
Building C object CMakeFiles/cmTC_20792.dir/CheckSymbolExists.c.o
/usr/bin/cc    -o CMakeFiles/cmTC_20792.dir/CheckSymbolExists.c.o   -c /home/nakkeslengprosjekt/asdf/CMakeFiles/CMakeTmp/CheckSymbolExists.c
Linking C executable cmTC_20792
/usr/bin/cmake -E cmake_link_script CMakeFiles/cmTC_20792.dir/link.txt --verbose=1
/usr/bin/cc      -rdynamic CMakeFiles/cmTC_20792.dir/CheckSymbolExists.c.o  -o cmTC_20792 
CMakeFiles/cmTC_20792.dir/CheckSymbolExists.c.o: In function `main':
CheckSymbolExists.c:(.text+0x1b): undefined reference to `pthread_create'
collect2: error: ld returned 1 exit status
CMakeFiles/cmTC_20792.dir/build.make:97: recipe for target 'cmTC_20792' failed
make[1]: *** [cmTC_20792] Error 1
make[1]: Leaving directory '/home/nakkeslengprosjekt/asdf/CMakeFiles/CMakeTmp'
Makefile:126: recipe for target 'cmTC_20792/fast' failed
make: *** [cmTC_20792/fast] Error 2

File /home/nakkeslengprosjekt/asdf/CMakeFiles/CMakeTmp/CheckSymbolExists.c:
/* */
#include <pthread.h>

int main(int argc, char** argv)
{
  (void)argv;
#ifndef pthread_create
  return ((int*)(&pthread_create))[argc];
#else
  (void)argc;
  return 0;
#endif
}

Determining if the function pthread_create exists in the pthreads failed with the following output:
Change Dir: /home/nakkeslengprosjekt/asdf/CMakeFiles/CMakeTmp

Run Build Command:"/usr/bin/make" "cmTC_852c5/fast"
/usr/bin/make -f CMakeFiles/cmTC_852c5.dir/build.make CMakeFiles/cmTC_852c5.dir/build
make[1]: Entering directory '/home/nakkeslengprosjekt/asdf/CMakeFiles/CMakeTmp'
Building C object CMakeFiles/cmTC_852c5.dir/CheckFunctionExists.c.o
/usr/bin/cc   -DCHECK_FUNCTION_EXISTS=pthread_create   -o CMakeFiles/cmTC_852c5.dir/CheckFunctionExists.c.o   -c /usr/share/cmake-3.10/Modules/CheckFunctionExists.c
Linking C executable cmTC_852c5
/usr/bin/cmake -E cmake_link_script CMakeFiles/cmTC_852c5.dir/link.txt --verbose=1
/usr/bin/cc  -DCHECK_FUNCTION_EXISTS=pthread_create    -rdynamic CMakeFiles/cmTC_852c5.dir/CheckFunctionExists.c.o  -o cmTC_852c5 -lpthreads 
/usr/bin/x86_64-linux-gnu-ld: cannot find -lpthreads
collect2: error: ld returned 1 exit status
CMakeFiles/cmTC_852c5.dir/build.make:97: recipe for target 'cmTC_852c5' failed
make[1]: *** [cmTC_852c5] Error 1
make[1]: Leaving directory '/home/nakkeslengprosjekt/asdf/CMakeFiles/CMakeTmp'
Makefile:126: recipe for target 'cmTC_852c5/fast' failed
make: *** [cmTC_852c5/fast] Error 2


Determining if the pthread_create exist failed with the following output:
Change Dir: /home/nakkeslengprosjekt/asdf/CMakeFiles/CMakeTmp

Run Build Command:"/usr/bin/make" "cmTC_4ed11/fast"
/usr/bin/make -f CMakeFiles/cmTC_4ed11.dir/build.make CMakeFiles/cmTC_4ed11.dir/build
make[1]: Entering directory '/home/nakkeslengprosjekt/asdf/CMakeFiles/CMakeTmp'
Building C object CMakeFiles/cmTC_4ed11.dir/CheckSymbolExists.c.o
/usr/bin/cc    -o CMakeFiles/cmTC_4ed11.dir/CheckSymbolExists.c.o   -c /home/nakkeslengprosjekt/asdf/CMakeFiles/CMakeTmp/CheckSymbolExists.c
Linking C executable cmTC_4ed11
/usr/bin/cmake -E cmake_link_script CMakeFiles/cmTC_4ed11.dir/link.txt --verbose=1
/usr/bin/cc      -rdynamic CMakeFiles/cmTC_4ed11.dir/CheckSymbolExists.c.o  -o cmTC_4ed11 
CMakeFiles/cmTC_4ed11.dir/CheckSymbolExists.c.o: In function `main':
CheckSymbolExists.c:(.text+0x1b): undefined reference to `pthread_create'
collect2: error: ld returned 1 exit status
CMakeFiles/cmTC_4ed11.dir/build.make:97: recipe for target 'cmTC_4ed11' failed
make[1]: *** [cmTC_4ed11] Error 1
make[1]: Leaving directory '/home/nakkeslengprosjekt/asdf/CMakeFiles/CMakeTmp'
Makefile:126: recipe for target 'cmTC_4ed11/fast' failed
make: *** [cmTC_4ed11/fast] Error 2

File /home/nakkeslengprosjekt/asdf/CMakeFiles/CMakeTmp/CheckSymbolExists.c:
/* */
#include <pthread.h>

int main(int argc, char** argv)
{
  (void)argv;
#ifndef pthread_create
  return ((int*)(&pthread_create))[argc];
#else
  (void)argc;
  return 0;
#endif
}

